<?xml version="1.0" encoding="utf-8"?><testsuites name="pytest tests"><testsuite name="pytest" errors="0" failures="0" skipped="0" tests="16" time="8.433" timestamp="2026-09-18T22:50:00.043447+00:00" hostname="agent-env-07ff7ab1-1b25-474c-bb62-e5da58e54b35"><testcase classname="backend.tests.test_interimio.TestAdminAuth" name="test_admin_login" time="0.445" /><testcase classname="backend.tests.test_interimio.TestAdminAuth" name="test_admin_me" time="0.139" /><testcase classname="backend.tests.test_interimio.TestAdminAuth" name="test_admin_endpoints_require_auth" time="0.504" /><testcase classname="backend.tests.test_interimio.TestAdminAuth" name="test_admin_endpoints_forbid_non_admin" time="1.513" /><testcase classname="backend.tests.test_interimio.TestAdminLeadsAndStats" name="test_stats" time="0.176" /><testcase classname="backend.tests.test_interimio.TestAdminLeadsAndStats" name="test_leads_list_filter" time="0.351" /><testcase classname="backend.tests.test_interimio.TestAdminLeadsAndStats" name="test_export_csv" time="0.170" /><testcase classname="backend.tests.test_interimio.TestDiscountCodes" name="test_list_codes_has_uses" time="0.190" /><testcase classname="backend.tests.test_interimio.TestDiscountCodes" name="test_create_code_admin_only" time="1.066" /><testcase classname="backend.tests.test_interimio.TestManagers" name="test_seeded_manager_detail" time="0.152" /><testcase classname="backend.tests.test_interimio.TestManagers" name="test_manager_404" time="0.177" /><testcase classname="backend.tests.test_interimio.TestManagers" name="test_manager_upsert" time="1.700" /><testcase classname="backend.tests.test_interimio.TestProInterest" name="test_valid_code_increments_uses" time="0.497" /><testcase classname="backend.tests.test_interimio.TestProInterest" name="test_invalid_code" time="0.164" /><testcase classname="backend.tests.test_interimio.TestProInterest" name="test_client_forbidden" time="0.135" /><testcase classname="backend.tests.test_interimio.TestLeads" name="test_client_create_lead" time="0.811" /></testsuite></testsuites>