<?xml version="1.0" encoding="utf-8"?><testsuites name="pytest tests"><testsuite name="pytest" errors="0" failures="0" skipped="0" tests="32" time="20.436" timestamp="2026-09-18T23:25:06.591482+00:00" hostname="agent-env-07ff7ab1-1b25-474c-bb62-e5da58e54b35"><testcase classname="backend.tests.test_interimio.TestAdminAuth" name="test_admin_login" time="0.577" /><testcase classname="backend.tests.test_interimio.TestAdminAuth" name="test_admin_me" time="0.154" /><testcase classname="backend.tests.test_interimio.TestAdminAuth" name="test_admin_endpoints_require_auth" time="0.515" /><testcase classname="backend.tests.test_interimio.TestAdminAuth" name="test_admin_endpoints_forbid_non_admin" time="1.523" /><testcase classname="backend.tests.test_interimio.TestAdminLeadsAndStats" name="test_stats" time="0.186" /><testcase classname="backend.tests.test_interimio.TestAdminLeadsAndStats" name="test_leads_list_filter" time="0.305" /><testcase classname="backend.tests.test_interimio.TestAdminLeadsAndStats" name="test_export_csv" time="0.154" /><testcase classname="backend.tests.test_interimio.TestDiscountCodes" name="test_list_codes_has_uses" time="0.140" /><testcase classname="backend.tests.test_interimio.TestDiscountCodes" name="test_create_code_admin_only" time="1.155" /><testcase classname="backend.tests.test_interimio.TestManagers" name="test_seeded_manager_detail" time="0.161" /><testcase classname="backend.tests.test_interimio.TestManagers" name="test_manager_404" time="0.396" /><testcase classname="backend.tests.test_interimio.TestManagers" name="test_manager_upsert" time="2.230" /><testcase classname="backend.tests.test_interimio.TestProInterest" name="test_valid_code_increments_uses" time="0.469" /><testcase classname="backend.tests.test_interimio.TestProInterest" name="test_invalid_code" time="0.176" /><testcase classname="backend.tests.test_interimio.TestProInterest" name="test_client_forbidden" time="0.171" /><testcase classname="backend.tests.test_interimio.TestLeads" name="test_client_create_lead" time="1.221" /><testcase classname="backend.tests.test_messaging.TestLeadConversation" name="test_lead_returns_conversation_id" time="3.102" /><testcase classname="backend.tests.test_messaging.TestLeadConversation" name="test_conversation_listed_for_client" time="0.164" /><testcase classname="backend.tests.test_messaging.TestLeadConversation" name="test_conversation_listed_for_manager" time="0.143" /><testcase classname="backend.tests.test_messaging.TestLeadConversation" name="test_conversation_listed_for_admin" time="0.561" /><testcase classname="backend.tests.test_messaging.TestRedaction" name="test_client_sees_redacted_first_message" time="0.155" /><testcase classname="backend.tests.test_messaging.TestRedaction" name="test_manager_sees_redacted" time="0.164" /><testcase classname="backend.tests.test_messaging.TestRedaction" name="test_admin_sees_original" time="0.148" /><testcase classname="backend.tests.test_messaging.TestRedaction" name="test_release_forbidden_non_admin" time="0.171" /><testcase classname="backend.tests.test_messaging.TestRedaction" name="test_release_by_admin_and_client_sees_original" time="0.354" /><testcase classname="backend.tests.test_messaging.TestPostMessageAndUnread" name="test_post_and_unread_flow" time="1.443" /><testcase classname="backend.tests.test_messaging.TestPostMessageAndUnread" name="test_non_participant_gets_404" time="1.471" /><testcase classname="backend.tests.test_messaging.TestPostMessageAndUnread" name="test_unverified_user_403" time="1.360" /><testcase classname="backend.tests.test_messaging.TestPostMessageAndUnread" name="test_empty_body_422" time="0.143" /><testcase classname="backend.tests.test_messaging.TestSupportConversation" name="test_support_idempotent" time="0.329" /><testcase classname="backend.tests.test_messaging.TestSupportConversation" name="test_support_never_redacted" time="0.672" /><testcase classname="backend.tests.test_messaging.TestSupportConversation" name="test_admin_cannot_create_support" time="0.145" /></testsuite></testsuites>